<?xml version="1.0" encoding="UTF-8"?>
<testsuite xmlns:xsi="http://www.w3.org/2001/XMLSchema-instance" xsi:noNamespaceSchemaLocation="https://maven.apache.org/surefire/maven-surefire-plugin/xsd/surefire-test-report-3.0.xsd" version="3.0" name="dm.TestBookWithCache" time="0.001" tests="14" errors="0" skipped="0" failures="12">
  <properties>
[...]
</properties>
  <testcase name="dm.TestBookWithCache.testUpdateExistingBook()" classname="dm.TestBookWithCache" time="0.0">
    <failure message="Error deleting all books: La table/vue &apos;BOOK&apos; n&apos;existe pas." type="MapperException{message=Error deleting all books"><![CDATA[MapperException{message=Error deleting all books: La table/vue 'BOOK' n'existe pas., sqlState='42X05', errorCode=30000}
	at dm.BookMapper.deleteAll(BookMapper.java:103)
	at dm.TestBookWithCache.testUpdateExistingBook(TestBookWithCache.java:125)
	at java.base/jdk.internal.reflect.DirectMethodHandleAccessor.invoke(DirectMethodHandleAccessor.java:103)
	at java.base/java.lang.reflect.Method.invoke(Method.java:580)
	at org.apache.maven.surefire.junit.PojoTestSetExecutor.executeTestMethod(PojoTestSetExecutor.java:104)
	at org.apache.maven.surefire.junit.PojoTestSetExecutor.execute(PojoTestSetExecutor.java:63)
	at org.apache.maven.surefire.junit.JUnit3Provider.executeTestSet(JUnit3Provider.java:131)
	at org.apache.maven.surefire.junit.JUnit3Provider.invoke(JUnit3Provider.java:93)
	at org.apache.maven.surefire.booter.ForkedBooter.runSuitesInProcess(ForkedBooter.java:385)
	at org.apache.maven.surefire.booter.ForkedBooter.execute(ForkedBooter.java:162)
	at org.apache.maven.surefire.booter.ForkedBooter.run(ForkedBooter.java:507)
	at org.apache.maven.surefire.booter.ForkedBooter.main(ForkedBooter.java:495)
]]></failure>
  </testcase>
  <testcase name="dm.TestBookWithCache.testUpdateCacheManagement()" classname="dm.TestBookWithCache" time="0.0">
    <failure message="Error deleting all books: La table/vue &apos;BOOK&apos; n&apos;existe pas." type="MapperException{message=Error deleting all books"><![CDATA[MapperException{message=Error deleting all books: La table/vue 'BOOK' n'existe pas., sqlState='42X05', errorCode=30000}
	at dm.BookMapper.deleteAll(BookMapper.java:103)
	at dm.TestBookWithCache.testUpdateCacheManagement(TestBookWithCache.java:161)
	at java.base/jdk.internal.reflect.DirectMethodHandleAccessor.invoke(DirectMethodHandleAccessor.java:103)
	at java.base/java.lang.reflect.Method.invoke(Method.java:580)
	at org.apache.maven.surefire.junit.PojoTestSetExecutor.executeTestMethod(PojoTestSetExecutor.java:104)
	at org.apache.maven.surefire.junit.PojoTestSetExecutor.execute(PojoTestSetExecutor.java:63)
	at org.apache.maven.surefire.junit.JUnit3Provider.executeTestSet(JUnit3Provider.java:131)
	at org.apache.maven.surefire.junit.JUnit3Provider.invoke(JUnit3Provider.java:93)
	at org.apache.maven.surefire.booter.ForkedBooter.runSuitesInProcess(ForkedBooter.java:385)
	at org.apache.maven.surefire.booter.ForkedBooter.execute(ForkedBooter.java:162)
	at org.apache.maven.surefire.booter.ForkedBooter.run(ForkedBooter.java:507)
	at org.apache.maven.surefire.booter.ForkedBooter.main(ForkedBooter.java:495)
]]></failure>
  </testcase>
  <testcase name="dm.TestBookWithCache.testFindNotExistingBook()" classname="dm.TestBookWithCache" time="0.0">
    <failure message="Error finding book: La table/vue &apos;BOOK&apos; n&apos;existe pas." type="MapperException{message=Error finding book"><![CDATA[MapperException{message=Error finding book: La table/vue 'BOOK' n'existe pas., sqlState='42X05', errorCode=30000}
	at dm.BookMapper.find(BookMapper.java:126)
	at dm.TestBookWithCache.testFindNotExistingBook(TestBookWithCache.java:103)
	at java.base/jdk.internal.reflect.DirectMethodHandleAccessor.invoke(DirectMethodHandleAccessor.java:103)
	at java.base/java.lang.reflect.Method.invoke(Method.java:580)
	at org.apache.maven.surefire.junit.PojoTestSetExecutor.executeTestMethod(PojoTestSetExecutor.java:104)
	at org.apache.maven.surefire.junit.PojoTestSetExecutor.execute(PojoTestSetExecutor.java:63)
	at org.apache.maven.surefire.junit.JUnit3Provider.executeTestSet(JUnit3Provider.java:131)
	at org.apache.maven.surefire.junit.JUnit3Provider.invoke(JUnit3Provider.java:93)
	at org.apache.maven.surefire.booter.ForkedBooter.runSuitesInProcess(ForkedBooter.java:385)
	at org.apache.maven.surefire.booter.ForkedBooter.execute(ForkedBooter.java:162)
	at org.apache.maven.surefire.booter.ForkedBooter.run(ForkedBooter.java:507)
	at org.apache.maven.surefire.booter.ForkedBooter.main(ForkedBooter.java:495)
]]></failure>
  </testcase>
  <testcase name="dm.TestBookWithCache.testInsertExistingBook()" classname="dm.TestBookWithCache" time="0.0"/>
  <testcase name="dm.TestBookWithCache.testUpdateNotExistingBook()" classname="dm.TestBookWithCache" time="0.0">
    <failure message="Error deleting all books: La table/vue &apos;BOOK&apos; n&apos;existe pas." type="MapperException{message=Error deleting all books"><![CDATA[MapperException{message=Error deleting all books: La table/vue 'BOOK' n'existe pas., sqlState='42X05', errorCode=30000}
	at dm.BookMapper.deleteAll(BookMapper.java:103)
	at dm.TestBookWithCache.testUpdateNotExistingBook(TestBookWithCache.java:141)
	at java.base/jdk.internal.reflect.DirectMethodHandleAccessor.invoke(DirectMethodHandleAccessor.java:103)
	at java.base/java.lang.reflect.Method.invoke(Method.java:580)
	at org.apache.maven.surefire.junit.PojoTestSetExecutor.executeTestMethod(PojoTestSetExecutor.java:104)
	at org.apache.maven.surefire.junit.PojoTestSetExecutor.execute(PojoTestSetExecutor.java:63)
	at org.apache.maven.surefire.junit.JUnit3Provider.executeTestSet(JUnit3Provider.java:131)
	at org.apache.maven.surefire.junit.JUnit3Provider.invoke(JUnit3Provider.java:93)
	at org.apache.maven.surefire.booter.ForkedBooter.runSuitesInProcess(ForkedBooter.java:385)
	at org.apache.maven.surefire.booter.ForkedBooter.execute(ForkedBooter.java:162)
	at org.apache.maven.surefire.booter.ForkedBooter.run(ForkedBooter.java:507)
	at org.apache.maven.surefire.booter.ForkedBooter.main(ForkedBooter.java:495)
]]></failure>
  </testcase>
  <testcase name="dm.TestBookWithCache.testDeleteCacheManagement()" classname="dm.TestBookWithCache" time="0.0">
    <failure message="Error deleting all books: La table/vue &apos;BOOK&apos; n&apos;existe pas." type="MapperException{message=Error deleting all books"><![CDATA[MapperException{message=Error deleting all books: La table/vue 'BOOK' n'existe pas., sqlState='42X05', errorCode=30000}
	at dm.BookMapper.deleteAll(BookMapper.java:103)
	at dm.TestBookWithCache.testDeleteCacheManagement(TestBookWithCache.java:226)
	at java.base/jdk.internal.reflect.DirectMethodHandleAccessor.invoke(DirectMethodHandleAccessor.java:103)
	at java.base/java.lang.reflect.Method.invoke(Method.java:580)
	at org.apache.maven.surefire.junit.PojoTestSetExecutor.executeTestMethod(PojoTestSetExecutor.java:104)
	at org.apache.maven.surefire.junit.PojoTestSetExecutor.execute(PojoTestSetExecutor.java:63)
	at org.apache.maven.surefire.junit.JUnit3Provider.executeTestSet(JUnit3Provider.java:131)
	at org.apache.maven.surefire.junit.JUnit3Provider.invoke(JUnit3Provider.java:93)
	at org.apache.maven.surefire.booter.ForkedBooter.runSuitesInProcess(ForkedBooter.java:385)
	at org.apache.maven.surefire.booter.ForkedBooter.execute(ForkedBooter.java:162)
	at org.apache.maven.surefire.booter.ForkedBooter.run(ForkedBooter.java:507)
	at org.apache.maven.surefire.booter.ForkedBooter.main(ForkedBooter.java:495)
]]></failure>
  </testcase>
  <testcase name="dm.TestBookWithCache.testDeleteNotExistingBook()" classname="dm.TestBookWithCache" time="0.0">
    <failure message="Error deleting all books: La table/vue &apos;BOOK&apos; n&apos;existe pas." type="MapperException{message=Error deleting all books"><![CDATA[MapperException{message=Error deleting all books: La table/vue 'BOOK' n'existe pas., sqlState='42X05', errorCode=30000}
	at dm.BookMapper.deleteAll(BookMapper.java:103)
	at dm.TestBookWithCache.testDeleteNotExistingBook(TestBookWithCache.java:198)
	at java.base/jdk.internal.reflect.DirectMethodHandleAccessor.invoke(DirectMethodHandleAccessor.java:103)
	at java.base/java.lang.reflect.Method.invoke(Method.java:580)
	at org.apache.maven.surefire.junit.PojoTestSetExecutor.executeTestMethod(PojoTestSetExecutor.java:104)
	at org.apache.maven.surefire.junit.PojoTestSetExecutor.execute(PojoTestSetExecutor.java:63)
	at org.apache.maven.surefire.junit.JUnit3Provider.executeTestSet(JUnit3Provider.java:131)
	at org.apache.maven.surefire.junit.JUnit3Provider.invoke(JUnit3Provider.java:93)
	at org.apache.maven.surefire.booter.ForkedBooter.runSuitesInProcess(ForkedBooter.java:385)
	at org.apache.maven.surefire.booter.ForkedBooter.execute(ForkedBooter.java:162)
	at org.apache.maven.surefire.booter.ForkedBooter.run(ForkedBooter.java:507)
	at org.apache.maven.surefire.booter.ForkedBooter.main(ForkedBooter.java:495)
]]></failure>
  </testcase>
  <testcase name="dm.TestBookWithCache.testInsertBookWithoutId()" classname="dm.TestBookWithCache" time="0.0"/>
  <testcase name="dm.TestBookWithCache.testFindExistingBook()" classname="dm.TestBookWithCache" time="0.0">
    <failure message="Error deleting all books: La table/vue &apos;BOOK&apos; n&apos;existe pas." type="MapperException{message=Error deleting all books"><![CDATA[MapperException{message=Error deleting all books: La table/vue 'BOOK' n'existe pas., sqlState='42X05', errorCode=30000}
	at dm.BookMapper.deleteAll(BookMapper.java:103)
	at dm.TestBookWithCache.testFindExistingBook(TestBookWithCache.java:73)
	at java.base/jdk.internal.reflect.DirectMethodHandleAccessor.invoke(DirectMethodHandleAccessor.java:103)
	at java.base/java.lang.reflect.Method.invoke(Method.java:580)
	at org.apache.maven.surefire.junit.PojoTestSetExecutor.executeTestMethod(PojoTestSetExecutor.java:104)
	at org.apache.maven.surefire.junit.PojoTestSetExecutor.execute(PojoTestSetExecutor.java:63)
	at org.apache.maven.surefire.junit.JUnit3Provider.executeTestSet(JUnit3Provider.java:131)
	at org.apache.maven.surefire.junit.JUnit3Provider.invoke(JUnit3Provider.java:93)
	at org.apache.maven.surefire.booter.ForkedBooter.runSuitesInProcess(ForkedBooter.java:385)
	at org.apache.maven.surefire.booter.ForkedBooter.execute(ForkedBooter.java:162)
	at org.apache.maven.surefire.booter.ForkedBooter.run(ForkedBooter.java:507)
	at org.apache.maven.surefire.booter.ForkedBooter.main(ForkedBooter.java:495)
]]></failure>
  </testcase>
  <testcase name="dm.TestBookWithCache.testDeleteExistingBook()" classname="dm.TestBookWithCache" time="0.0">
    <failure message="Error deleting all books: La table/vue &apos;BOOK&apos; n&apos;existe pas." type="MapperException{message=Error deleting all books"><![CDATA[MapperException{message=Error deleting all books: La table/vue 'BOOK' n'existe pas., sqlState='42X05', errorCode=30000}
	at dm.BookMapper.deleteAll(BookMapper.java:103)
	at dm.TestBookWithCache.testDeleteExistingBook(TestBookWithCache.java:187)
	at java.base/jdk.internal.reflect.DirectMethodHandleAccessor.invoke(DirectMethodHandleAccessor.java:103)
	at java.base/java.lang.reflect.Method.invoke(Method.java:580)
	at org.apache.maven.surefire.junit.PojoTestSetExecutor.executeTestMethod(PojoTestSetExecutor.java:104)
	at org.apache.maven.surefire.junit.PojoTestSetExecutor.execute(PojoTestSetExecutor.java:63)
	at org.apache.maven.surefire.junit.JUnit3Provider.executeTestSet(JUnit3Provider.java:131)
	at org.apache.maven.surefire.junit.JUnit3Provider.invoke(JUnit3Provider.java:93)
	at org.apache.maven.surefire.booter.ForkedBooter.runSuitesInProcess(ForkedBooter.java:385)
	at org.apache.maven.surefire.booter.ForkedBooter.execute(ForkedBooter.java:162)
	at org.apache.maven.surefire.booter.ForkedBooter.run(ForkedBooter.java:507)
	at org.apache.maven.surefire.booter.ForkedBooter.main(ForkedBooter.java:495)
]]></failure>
  </testcase>
  <testcase name="dm.TestBookWithCache.testFindManyExistingBook()" classname="dm.TestBookWithCache" time="0.0">
    <failure message="Error deleting all books: La table/vue &apos;BOOK&apos; n&apos;existe pas." type="MapperException{message=Error deleting all books"><![CDATA[MapperException{message=Error deleting all books: La table/vue 'BOOK' n'existe pas., sqlState='42X05', errorCode=30000}
	at dm.BookMapper.deleteAll(BookMapper.java:103)
	at dm.TestBookWithCache.testFindManyExistingBook(TestBookWithCache.java:84)
	at java.base/jdk.internal.reflect.DirectMethodHandleAccessor.invoke(DirectMethodHandleAccessor.java:103)
	at java.base/java.lang.reflect.Method.invoke(Method.java:580)
	at org.apache.maven.surefire.junit.PojoTestSetExecutor.executeTestMethod(PojoTestSetExecutor.java:104)
	at org.apache.maven.surefire.junit.PojoTestSetExecutor.execute(PojoTestSetExecutor.java:63)
	at org.apache.maven.surefire.junit.JUnit3Provider.executeTestSet(JUnit3Provider.java:131)
	at org.apache.maven.surefire.junit.JUnit3Provider.invoke(JUnit3Provider.java:93)
	at org.apache.maven.surefire.booter.ForkedBooter.runSuitesInProcess(ForkedBooter.java:385)
	at org.apache.maven.surefire.booter.ForkedBooter.execute(ForkedBooter.java:162)
	at org.apache.maven.surefire.booter.ForkedBooter.run(ForkedBooter.java:507)
	at org.apache.maven.surefire.booter.ForkedBooter.main(ForkedBooter.java:495)
]]></failure>
  </testcase>
  <testcase name="dm.TestBookWithCache.testFindCacheManagement()" classname="dm.TestBookWithCache" time="0.0">
    <failure message="Error deleting all books: La table/vue &apos;BOOK&apos; n&apos;existe pas." type="MapperException{message=Error deleting all books"><![CDATA[MapperException{message=Error deleting all books: La table/vue 'BOOK' n'existe pas., sqlState='42X05', errorCode=30000}
	at dm.BookMapper.deleteAll(BookMapper.java:103)
	at dm.TestBookWithCache.testFindCacheManagement(TestBookWithCache.java:110)
	at java.base/jdk.internal.reflect.DirectMethodHandleAccessor.invoke(DirectMethodHandleAccessor.java:103)
	at java.base/java.lang.reflect.Method.invoke(Method.java:580)
	at org.apache.maven.surefire.junit.PojoTestSetExecutor.executeTestMethod(PojoTestSetExecutor.java:104)
	at org.apache.maven.surefire.junit.PojoTestSetExecutor.execute(PojoTestSetExecutor.java:63)
	at org.apache.maven.surefire.junit.JUnit3Provider.executeTestSet(JUnit3Provider.java:131)
	at org.apache.maven.surefire.junit.JUnit3Provider.invoke(JUnit3Provider.java:93)
	at org.apache.maven.surefire.booter.ForkedBooter.runSuitesInProcess(ForkedBooter.java:385)
	at org.apache.maven.surefire.booter.ForkedBooter.execute(ForkedBooter.java:162)
	at org.apache.maven.surefire.booter.ForkedBooter.run(ForkedBooter.java:507)
	at org.apache.maven.surefire.booter.ForkedBooter.main(ForkedBooter.java:495)
]]></failure>
  </testcase>
  <testcase name="dm.TestBookWithCache.testInsertNewBook()" classname="dm.TestBookWithCache" time="0.0">
    <failure message="Error deleting all books: La table/vue &apos;BOOK&apos; n&apos;existe pas." type="MapperException{message=Error deleting all books"><![CDATA[MapperException{message=Error deleting all books: La table/vue 'BOOK' n'existe pas., sqlState='42X05', errorCode=30000}
	at dm.BookMapper.deleteAll(BookMapper.java:103)
	at dm.TestBookWithCache.testInsertNewBook(TestBookWithCache.java:25)
	at java.base/jdk.internal.reflect.DirectMethodHandleAccessor.invoke(DirectMethodHandleAccessor.java:103)
	at java.base/java.lang.reflect.Method.invoke(Method.java:580)
	at org.apache.maven.surefire.junit.PojoTestSetExecutor.executeTestMethod(PojoTestSetExecutor.java:104)
	at org.apache.maven.surefire.junit.PojoTestSetExecutor.execute(PojoTestSetExecutor.java:63)
	at org.apache.maven.surefire.junit.JUnit3Provider.executeTestSet(JUnit3Provider.java:131)
	at org.apache.maven.surefire.junit.JUnit3Provider.invoke(JUnit3Provider.java:93)
	at org.apache.maven.surefire.booter.ForkedBooter.runSuitesInProcess(ForkedBooter.java:385)
	at org.apache.maven.surefire.booter.ForkedBooter.execute(ForkedBooter.java:162)
	at org.apache.maven.surefire.booter.ForkedBooter.run(ForkedBooter.java:507)
	at org.apache.maven.surefire.booter.ForkedBooter.main(ForkedBooter.java:495)
]]></failure>
  </testcase>
  <testcase name="dm.TestBookWithCache.testDeleteAll()" classname="dm.TestBookWithCache" time="0.0">
    <failure message="Error deleting all books: La table/vue &apos;BOOK&apos; n&apos;existe pas." type="MapperException{message=Error deleting all books"><![CDATA[MapperException{message=Error deleting all books: La table/vue 'BOOK' n'existe pas., sqlState='42X05', errorCode=30000}
	at dm.BookMapper.deleteAll(BookMapper.java:103)
	at dm.TestBookWithCache.testDeleteAll(TestBookWithCache.java:218)
	at java.base/jdk.internal.reflect.DirectMethodHandleAccessor.invoke(DirectMethodHandleAccessor.java:103)
	at java.base/java.lang.reflect.Method.invoke(Method.java:580)
	at org.apache.maven.surefire.junit.PojoTestSetExecutor.executeTestMethod(PojoTestSetExecutor.java:104)
	at org.apache.maven.surefire.junit.PojoTestSetExecutor.execute(PojoTestSetExecutor.java:63)
	at org.apache.maven.surefire.junit.JUnit3Provider.executeTestSet(JUnit3Provider.java:131)
	at org.apache.maven.surefire.junit.JUnit3Provider.invoke(JUnit3Provider.java:93)
	at org.apache.maven.surefire.booter.ForkedBooter.runSuitesInProcess(ForkedBooter.java:385)
	at org.apache.maven.surefire.booter.ForkedBooter.execute(ForkedBooter.java:162)
	at org.apache.maven.surefire.booter.ForkedBooter.run(ForkedBooter.java:507)
	at org.apache.maven.surefire.booter.ForkedBooter.main(ForkedBooter.java:495)
]]></failure>
  </testcase>
</testsuite>